"../../../Engine/Content/Animation/DefaultAnimBoneCompressionSettings.uasset" 0
"../../../Engine/Content/Animation/DefaultAnimCurveCompressionSettings.uasset" 1
"../../../Engine/Content/EngineMaterials/T_Default_Material_Grid_N.uasset" 2
"../../../Engine/Content/EngineMaterials/T_Default_Material_Grid_M.uasset" 3
"../../../Engine/Content/Functions/Engine_MaterialFunctions01/Opacity/CameraDepthFade.uasset" 4
"../../../Engine/Content/EngineMaterials/WorldGridMaterial.uasset" 5
"../../../Engine/Content/ArtTools/RenderToTexture/Meshes/S_1_Unit_Plane.uasset" 6
"../../../Engine/Content/EngineMaterials/DefaultMaterial.uasset" 7
"../../../Engine/Content/BasicShapes/Cone.uasset" 8
"../../../Engine/Content/EngineMaterials/DefaultPhysicalMaterial.uasset" 9
"../../../Engine/Content/BufferVisualization/AmbientOcclusion.uasset" 10
"../../../Engine/Content/Functions/Engine_MaterialFunctions02/Utility/AppendMany.uasset" 11
"../../../Engine/Content/BufferVisualization/Anisotropy.uasset" 12
"../../../Engine/Content/BufferVisualization/BaseColor.uasset" 13
"../../../Engine/Content/BufferVisualization/CustomDepth.uasset" 14
"../../../Engine/Content/Functions/Engine_MaterialFunctions02/Utility/VectorLength.uasset" 15
"../../../Engine/Content/BufferVisualization/CustomDepthWorldUnits.uasset" 16
"../../../Engine/Content/Functions/Engine_MaterialFunctions02/Utility/BreakOutFloat2Components.uasset" 17
"../../../Engine/Content/Functions/Engine_MaterialFunctions01/Texturing/ScaleUVsByCenter.uasset" 18
"../../../Engine/Content/EngineMaterials/MiniFont.uasset" 19
"../../../Engine/Content/Functions/Engine_MaterialFunctions02/Utility/MakeFloat3.uasset" 20
"../../../Engine/Content/Functions/Engine_MaterialFunctions02/Utility/MakeFloat2.uasset" 21
"../../../Engine/Content/Functions/Engine_MaterialFunctions02/ScreenResolution.uasset" 22
"../../../Engine/Content/Functions/Engine_MaterialFunctions02/Texturing/ScreenAlignedUVs.uasset" 23
"../../../Engine/Content/BufferVisualization/CustomStencil.uasset" 24
"../../../Engine/Content/BufferVisualization/FinalImage.uasset" 25
"../../../Engine/Content/BufferVisualization/LightingModel.uasset" 26
"../../../Engine/Content/BufferVisualization/MaterialAO.uasset" 27
"../../../Engine/Content/BufferVisualization/Metallic.uasset" 28
"../../../Engine/Content/BufferVisualization/Opacity.uasset" 29
"../../../Engine/Content/BufferVisualization/PostTonemapHDRColor.uasset" 30
"../../../Engine/Content/BufferVisualization/PreTonemapHDRColor.uasset" 31
"../../../Engine/Content/BufferVisualization/Roughness.uasset" 32
"../../../Engine/Content/BufferVisualization/SceneColor.uasset" 33
"../../../Engine/Content/BufferVisualization/SceneDepth.uasset" 34
"../../../Engine/Content/BufferVisualization/SceneDepthWorldUnits.uasset" 35
"../../../Engine/Content/BufferVisualization/SeparateTranslucencyA.uasset" 36
"../../../Engine/Content/BufferVisualization/SeparateTranslucencyRGB.uasset" 37
"../../../Engine/Content/BufferVisualization/Specular.uasset" 38
"../../../Engine/Content/BufferVisualization/SubsurfaceColor.uasset" 39
"../../../Engine/Content/BufferVisualization/Velocity.uasset" 40
"../../../Engine/Content/BufferVisualization/WorldNormal.uasset" 41
"../../../Engine/Content/BufferVisualization/WorldTangent.uasset" 42
"../../../Engine/Content/EditorLandscapeResources/DataLayer.uasset" 43
"../../../Engine/Content/EditorLandscapeResources/DefaultAlphaTexture.uasset" 44
"../../../Engine/Content/EditorLandscapeResources/LandscapeGizmoHeight_Mat.uasset" 45
"../../../Engine/Content/EditorLandscapeResources/LandscapeGizmo_Mat.uasset" 46
"../../../Engine/Content/EditorLandscapeResources/LandscapeGizmo_Mat_Copied.uasset" 47
"../../../Engine/Content/EditorLandscapeResources/SplineEditorMeshMat.uasset" 48
"../../../Engine/Content/EditorLandscapeResources/SplineEditorMesh.uasset" 49
"../../../Engine/Content/EditorMaterials/Cross.uasset" 50
"../../../Engine/Content/EditorMaterials/Cross_Mat.uasset" 51
"../../../Engine/Content/EditorResources/T_EditorHelp.uasset" 52
"../../../Engine/Content/Functions/Engine_MaterialFunctions02/Utility/Sign.uasset" 53
"../../../Engine/Content/Functions/Engine_MaterialFunctions02/Utility/Round.uasset" 54
"../../../Engine/Content/Functions/Engine_MaterialFunctions02/ExampleContent/Textures/DebugNumberPeriod.uasset" 55
"../../../Engine/Content/Functions/Engine_MaterialFunctions02/ExampleContent/DebugNumberStrip.uasset" 56
"../../../Engine/Content/EngineMaterials/DefaultDiffuse.uasset" 57
"../../../Engine/Content/Functions/Engine_MaterialFunctions01/Texturing/TextureCropping.uasset" 58
"../../../Engine/Content/Functions/Engine_MaterialFunctions01/Texturing/ComputeMipLevel.uasset" 59
"../../../Engine/Content/Functions/Engine_MaterialFunctions02/Utility/DebugScalarValues.uasset" 60
"../../../Engine/Content/Functions/Engine_MaterialFunctions02/Utility/DebugFloat2Values.uasset" 61
"../../../Engine/Content/Functions/Engine_MaterialFunctions02/ExampleContent/Textures/flipbook.uasset" 62
"../../../Engine/Content/Functions/Engine_MaterialFunctions02/Texturing/FlipBook.uasset" 63
"../../../Engine/Content/EditorMaterials/HelpActorMaterial.uasset" 64
"../../../Engine/Content/Functions/Engine_MaterialFunctions03/Procedurals/ComputeFilterWidth.uasset" 65
"../../../Engine/Content/EngineMaterials/BlendFunc_DefBlend.uasset" 66
"../../../Engine/Content/EngineMaterials/BlendFunc_DefBase.uasset" 67
"../../../Engine/Content/Functions/Engine_MaterialFunctions03/Blends/Blend_Screen.uasset" 68
"../../../Engine/Content/EditorMaterials/TilingAALineIntegral.uasset" 69
"../../../Engine/Content/EditorMaterials/TilingAALineBoxFiltered.uasset" 70
"../../../Engine/Content/EditorMaterials/TilingAAGrid.uasset" 71
"../../../Engine/Content/EditorMaterials/TilingAADots.uasset" 72
"../../../Engine/Content/EditorMaterials/CompositeARGBLayer.uasset" 73
"../../../Engine/Content/EditorMaterials/LevelGridMaterial.uasset" 74
"../../../Engine/Content/EditorResources/LevelGrid1DStripes.uasset" 75
"../../../Engine/Content/EditorMaterials/TextureGridCascaded1D.uasset" 76
"../../../Engine/Content/EditorMaterials/TextureGridCascaded2D.uasset" 77
"../../../Engine/Content/EditorMaterials/MakeCompositeARGBLayer.uasset" 78
"../../../Engine/Content/EditorMaterials/LevelGridMaterial2.uasset" 79
"../../../Engine/Content/EditorMaterials/MAT_Groups_Toggle.uasset" 80
"../../../Engine/Content/EditorMaterials/MAT_Groups_Visibility.uasset" 81
"../../../Engine/Content/EditorMaterials/PhAT_BoneSelectedMaterial.uasset" 82
"../../../Engine/Content/EditorMaterials/PhAT_ElemSelectedMaterial.uasset" 83
"../../../Engine/Content/EditorMaterials/PhAT_NoCollisionMaterial.uasset" 84
"../../../Engine/Content/EditorMaterials/PhAT_UnselectedMaterial.uasset" 85
"../../../Engine/Content/EditorMaterials/PreviewShadowIndicator.uasset" 86
"../../../Engine/Content/EditorMaterials/PreviewShadowIndicatorMaterial.uasset" 87
"../../../Engine/Content/EditorMaterials/TargetIcon.uasset" 88
"../../../Engine/Content/EditorMaterials/Tick.uasset" 89
"../../../Engine/Content/EditorMaterials/Tick_Mat.uasset" 90
"../../../Engine/Content/EditorMaterials/WidgetGridVertexColorMaterial.uasset" 91
"../../../Engine/Content/EditorMaterials/WidgetGridVertexColorMaterial_Ma.uasset" 92
"../../../Engine/Content/EditorMaterials/WidgetMaterial.uasset" 93
"../../../Engine/Content/EditorMaterials/WidgetMaterial_Current.uasset" 94
"../../../Engine/Content/EditorMaterials/WidgetMaterial_X.uasset" 95
"../../../Engine/Content/EditorMaterials/WidgetMaterial_Y.uasset" 96
"../../../Engine/Content/EditorMaterials/WidgetMaterial_Z.uasset" 97
"../../../Engine/Content/EditorMaterials/WidgetVertexColorMaterial.uasset" 98
"../../../Engine/Content/EditorMaterials/MatineeGroups/MAT_ColorTrack.uasset" 99
"../../../Engine/Content/EditorMaterials/MatineeGroups/MAT_Groups_Anim.uasset" 100
"../../../Engine/Content/EditorMaterials/MatineeGroups/MAT_Groups_AudioMaster.uasset" 101
"../../../Engine/Content/EditorMaterials/MatineeGroups/MAT_Groups_Director.uasset" 102
"../../../Engine/Content/EditorMaterials/MatineeGroups/MAT_Groups_Event.uasset" 103
"../../../Engine/Content/EditorMaterials/MatineeGroups/MAT_Groups_Fade.uasset" 104
"../../../Engine/Content/EditorMaterials/MatineeGroups/MAT_Groups_Float.uasset" 105
"../../../Engine/Content/EditorMaterials/MatineeGroups/MAT_Groups_Move.uasset" 106
"../../../Engine/Content/EditorMaterials/MatineeGroups/MAT_Groups_Slomo.uasset" 107
"../../../Engine/Content/EditorMaterials/MatineeGroups/MAT_Groups_Sound.uasset" 108
"../../../Engine/Content/EditorMaterials/MatineeGroups/MAT_Groups_Vector.uasset" 109
"../../../Engine/Content/EditorMaterials/ParticleSystems/PSysThumbnail_NoImage.uasset" 110
"../../../Engine/Content/EditorMaterials/ParticleSystems/PSysThumbnail_OOD.uasset" 111
"../../../Engine/Content/EngineMaterials/Grid.uasset" 112
"../../../Engine/Content/EditorMaterials/Thumbnails/FloorPlaneMaterial.uasset" 113
"../../../Engine/Content/EditorMeshes/EditorCube.uasset" 114
"../../../Engine/Content/EditorMeshes/EditorCylinder.uasset" 115
"../../../Engine/Content/EditorMeshes/EditorPlane.uasset" 116
"../../../Engine/Content/EditorMaterials/Thumbnails/SkySphereMaterial.uasset" 117
"../../../Engine/Content/EditorMeshes/EditorSkySphere.uasset" 118
"../../../Engine/Content/EditorMeshes/EditorSphere.uasset" 119
"../../../Engine/Content/EditorResources/MatineeCam_D.uasset" 120
"../../../Engine/Content/EditorMaterials/MatineeCam_mat.uasset" 121
"../../../Engine/Content/EditorMeshes/MatineeCam_SM.uasset" 122
"../../../Engine/Content/EditorMeshes/PlanarReflectionPlane.uasset" 123
"../../../Engine/Content/EngineDebugMaterials/M_SimpleOpaque.uasset" 124
"../../../Engine/Content/EditorMaterials/Camera/MI_CineMat_CamViewFinder.uasset" 125
"../../../Engine/Content/EditorMaterials/Camera/CineMat.uasset" 126
"../../../Engine/Content/EditorMaterials/Camera/MI_CineMat_CameraBody.uasset" 127
"../../../Engine/Content/EditorMeshes/Camera/SM_CineCam.uasset" 128
"../../../Engine/Content/EditorMaterials/Camera/MI_CineMat_Rig.uasset" 129
"../../../Engine/Content/EditorMeshes/Camera/SM_CraneRig_Arm.uasset" 130
"../../../Engine/Content/EditorMeshes/Camera/SM_CraneRig_Base.uasset" 131
"../../../Engine/Content/EditorMeshes/Camera/SM_CraneRig_Body.uasset" 132
"../../../Engine/Content/EditorMeshes/Camera/SM_CraneRig_Mount.uasset" 133
"../../../Engine/Content/EditorMeshes/Camera/SM_RailRig_Mount.uasset" 134
"../../../Engine/Content/EditorMeshes/Camera/SM_RailRig_Track.uasset" 135
"../../../Engine/Content/EditorMeshes/ColorCalibrator/M_ChromeBall.uasset" 136
"../../../Engine/Content/EditorResources/Bad.uasset" 137
"../../../Engine/Content/EditorResources/BSPVertex.uasset" 138
"../../../Engine/Content/EditorResources/EmptyActor.uasset" 139
"../../../Engine/Content/EditorResources/MatInstActSprite.uasset" 140
"../../../Engine/Content/EditorResources/SceneManager.uasset" 141
"../../../Engine/Content/EditorResources/SmallFont.uasset" 142
"../../../Engine/Content/EditorResources/S_Actor.uasset" 143
"../../../Engine/Content/EditorResources/S_CameraShakeSource.uasset" 144
"../../../Engine/Content/EditorResources/S_DecalActorIcon.uasset" 145
"../../../Engine/Content/EditorResources/S_Emitter.uasset" 146
"../../../Engine/Content/EditorResources/S_ExpoHeightFog.uasset" 147
"../../../Engine/Content/EditorResources/S_FTest.uasset" 148
"../../../Engine/Content/EditorResources/S_KBSJoint.uasset" 149
"../../../Engine/Content/EditorResources/S_KHinge.uasset" 150
"../../../Engine/Content/EditorResources/S_KPrismatic.uasset" 151
"../../../Engine/Content/EditorResources/S_LevelSequence.uasset" 152
"../../../Engine/Content/EditorResources/S_NavP.uasset" 153
"../../../Engine/Content/EditorResources/S_Note.uasset" 154
"../../../Engine/Content/EditorResources/S_Player.uasset" 155
"../../../Engine/Content/EditorResources/S_PortalActorIcon2.uasset" 156
"../../../Engine/Content/EditorResources/S_RadForce.uasset" 157
"../../../Engine/Content/EditorResources/S_ReflActorIcon.uasset" 158
"../../../Engine/Content/EditorResources/S_SkyAtmosphere.uasset" 159
"../../../Engine/Content/EditorResources/S_Solver.uasset" 160
"../../../Engine/Content/EditorResources/S_Terrain.uasset" 161
"../../../Engine/Content/EditorResources/S_TextRenderActorIcon.uasset" 162
"../../../Engine/Content/EditorResources/S_Thruster.uasset" 163
"../../../Engine/Content/EditorResources/S_Trigger.uasset" 164
"../../../Engine/Content/EditorResources/S_VectorFieldVol.uasset" 165
"../../../Engine/Content/EditorResources/S_VolumetricCloud.uasset" 166
"../../../Engine/Content/EditorResources/S_WindDirectional.uasset" 167
"../../../Engine/Content/EditorResources/AI/S_NavLink.uasset" 168
"../../../Engine/Content/EditorResources/LightIcons/SkyLight.uasset" 169
"../../../Engine/Content/EditorResources/LightIcons/S_LightDirectional.uasset" 170
"../../../Engine/Content/EditorResources/LightIcons/S_LightDirectionalMove.uasset" 171
"../../../Engine/Content/EditorResources/LightIcons/S_LightError.uasset" 172
"../../../Engine/Content/EditorResources/LightIcons/S_LightPoint.uasset" 173
"../../../Engine/Content/EditorResources/LightIcons/S_LightPointMove.uasset" 174
"../../../Engine/Content/EditorResources/LightIcons/S_LightSpot.uasset" 175
"../../../Engine/Content/EditorResources/LightIcons/S_LightSpotMove.uasset" 176
"../../../Engine/Content/EditorResources/SequenceRecorder/Countdown.uasset" 177
"../../../Engine/Content/EditorResources/SequenceRecorder/RecordingIndicator.uasset" 178
"../../../Engine/Content/EditorResources/Spline/T_Loft_Spline.uasset" 179
"../../../Engine/Content/EditorSounds/Notifications/CompileSuccess.uasset" 180
"../../../Engine/Content/EditorSounds/Notifications/CompileStart_Cue.uasset" 181
"../../../Engine/Content/EditorSounds/Notifications/CompileSuccess_Cue.uasset" 182
"../../../Engine/Content/EngineDamageTypes/DmgTypeBP_Environmental.uasset" 183
"../../../Engine/Content/EngineDebugMaterials/HeatmapGradient.uasset" 184
"../../../Engine/Content/EngineDebugMaterials/BoneWeightMaterial.uasset" 185
"../../../Engine/Content/EngineDebugMaterials/ClothMaterial.uasset" 186
"../../../Engine/Content/EngineDebugMaterials/ClothMaterial_WF.uasset" 187
"../../../Engine/Content/EngineDebugMaterials/DebugEditorMaterial.uasset" 188
"../../../Engine/Content/EngineDebugMaterials/DebugMeshMaterial.uasset" 189
"../../../Engine/Content/EngineDebugMaterials/GeomMaterial.uasset" 190
"../../../Engine/Content/Functions/Engine_MaterialFunctions01/Shading/ConvertFromDiffSpec.uasset" 191
"../../../Engine/Content/EngineDebugMaterials/LevelColorationLitMaterial.uasset" 192
"../../../Engine/Content/EngineDebugMaterials/LevelColorationUnlitMaterial.uasset" 193
"../../../Engine/Content/EngineMaterials/DefaultWhiteGrid.uasset" 194
"../../../Engine/Content/EngineDebugMaterials/MAT_LevelColorationLitLightmapUV.uasset" 195
"../../../Engine/Content/EngineDebugMaterials/M_SimpleUnlitTranslucent.uasset" 196
"../../../Engine/Content/EngineDebugMaterials/VolumeToRender.uasset" 197
"../../../Engine/Content/Functions/Engine_MaterialFunctions02/Utility/CameraDirectionVector.uasset" 198
"../../../Engine/Content/EngineDebugMaterials/M_VolumeRenderSphereTracePP.uasset" 199
"../../../Engine/Content/EngineMaterials/DefaultWhiteGrid_Low.uasset" 200
"../../../Engine/Content/EngineDebugMaterials/PhysicalMaterialMaskMaterial.uasset" 201
"../../../Engine/Content/EngineDebugMaterials/ShadedLevelColorationLitMaterial.uasset" 202
"../../../Engine/Content/EngineDebugMaterials/ShadedLevelColorationUnlitMateri.uasset" 203
"../../../Engine/Content/EngineDebugMaterials/VertexColorMaterial.uasset" 204
"../../../Engine/Content/EngineDebugMaterials/VertexColorViewMode_AlphaAsColor.uasset" 205
"../../../Engine/Content/EngineDebugMaterials/VertexColorViewMode_BlueOnly.uasset" 206
"../../../Engine/Content/EngineDebugMaterials/VertexColorViewMode_ColorOnly.uasset" 207
"../../../Engine/Content/EngineDebugMaterials/VertexColorViewMode_GreenOnly.uasset" 208
"../../../Engine/Content/EngineDebugMaterials/VertexColorViewMode_RedOnly.uasset" 209
"../../../Engine/Content/EngineDebugMaterials/WireframeMaterial.uasset" 210
"../../../Engine/Content/EngineFonts/Faces/RobotoRegular.uasset" 211
"../../../Engine/Content/EngineFonts/Faces/RobotoLight.uasset" 212
"../../../Engine/Content/EngineFonts/Faces/RobotoItalic.uasset" 213
"../../../Engine/Content/EngineFonts/Faces/RobotoBoldItalic.uasset" 214
"../../../Engine/Content/EngineFonts/Faces/RobotoBold.uasset" 215
"../../../Engine/Content/EngineFonts/Faces/DroidSansFallback.uasset" 216
"../../../Engine/Content/EngineFonts/Roboto.uasset" 217
"../../../Engine/Content/EngineFonts/Faces/RobotoTiny.uasset" 218
"../../../Engine/Content/EngineFonts/RobotoTiny.uasset" 219
"../../../Engine/Content/EngineFonts/SmallFont.uasset" 220
"../../../Engine/Content/EngineFonts/TinyFont.uasset" 221
"../../../Engine/Content/EngineMaterials/BaseFlattenNormalMap.uasset" 222
"../../../Engine/Content/EngineMaterials/BaseFlattenGrayscaleMap.uasset" 223
"../../../Engine/Content/EngineMaterials/BaseFlattenEmissiveMap.uasset" 224
"../../../Engine/Content/EngineMaterials/BaseFlattenDiffuseMap.uasset" 225
"../../../Engine/Content/EngineMaterials/BaseFlattenMaterial.uasset" 226
"../../../Engine/Content/EngineResources/WhiteSquareTexture.uasset" 227
"../../../Engine/Content/EngineMaterials/BlinkingCaret.uasset" 228
"../../../Engine/Content/EngineMaterials/BlueNoise.uasset" 229
"../../../Engine/Content/EngineMaterials/DefaultBloomKernel.uasset" 230
"../../../Engine/Content/EngineMaterials/DefaultBokeh.uasset" 231
"../../../Engine/Content/EngineMaterials/DefaultDeferredDecalMaterial.uasset" 232
"../../../Engine/Content/EngineMaterials/DefaultLightFunctionMaterial.uasset" 233
"../../../Engine/Content/EngineMaterials/DefaultNormal.uasset" 234
"../../../Engine/Content/EngineMaterials/DefaultPostProcessMaterial.uasset" 235
"../../../Engine/Content/EngineFonts/RobotoDistanceField.uasset" 236
"../../../Engine/Content/EngineMaterials/DefaultTextMaterialOpaque.uasset" 237
"../../../Engine/Content/EngineMaterials/EditorBrushMaterial.uasset" 238
"../../../Engine/Content/EngineMaterials/EmissiveMeshMaterial.uasset" 239
"../../../Engine/Content/EngineMaterials/GizmoMaterial.uasset" 240
"../../../Engine/Content/EngineMaterials/Good64x64TilingNoiseHighFreq.uasset" 241
"../../../Engine/Content/EngineMaterials/Grid_N.uasset" 242
"../../../Engine/Content/EngineMaterials/HighResolutionScreenshotMaskFunction.uasset" 243
"../../../Engine/Content/EngineMaterials/HighResScreenshot.uasset" 244
"../../../Engine/Content/EngineMaterials/HighResScreenshotCaptureRegion.uasset" 245
"../../../Engine/Content/EngineMaterials/HighResScreenshotMask.uasset" 246
"../../../Engine/Content/EngineMaterials/LandscapeHolePhysicalMaterial.uasset" 247
"../../../Engine/Content/EngineMaterials/InvalidLightmapSettings.uasset" 248
"../../../Engine/Content/EngineMaterials/M_InvalidLightmapSettings.uasset" 249
"../../../Engine/Content/EngineMaterials/PaperDiffuse.uasset" 250
"../../../Engine/Content/EngineMaterials/PaperNormal.uasset" 251
"../../../Engine/Content/Functions/Engine_MaterialFunctions02/WorldPositionOffset/CameraOffset.uasset" 252
"../../../Engine/Content/EngineMaterials/PhAT_JointLimitMaterial.uasset" 253
"../../../Engine/Content/EngineMaterials/PhysMat_Rubber.uasset" 254
"../../../Engine/Content/EngineMaterials/PreintegratedSkinBRDF.uasset" 255
"../../../Engine/Content/EngineMaterials/RemoveSurfaceMaterial.uasset" 256
"../../../Engine/Content/EngineMaterials/WeightMapPlaceholderTexture.uasset" 257
"../../../Engine/Content/Functions/Engine_MaterialFunctions01/ImageAdjustment/sRGBToLinear.uasset" 258
"../../../Engine/Content/Functions/Engine_MaterialFunctions02/Utility/BreakOutFloat3Components.uasset" 259
"../../../Engine/Content/EngineMaterials/Widget3DCameraPassThrough_Opaque_OneSided.uasset" 260
"../../../Engine/Content/EngineMaterials/Widget3DPassThrough.uasset" 261
"../../../Engine/Content/EngineMaterials/Widget3DPassThrough_Masked.uasset" 262
"../../../Engine/Content/EngineMaterials/Widget3DPassThrough_Opaque.uasset" 263
"../../../Engine/Content/EngineMaterials/Widget3DPassThrough_Masked_OneSided.uasset" 264
"../../../Engine/Content/EngineMaterials/Widget3DPassThrough_Opaque_OneSided.uasset" 265
"../../../Engine/Content/EngineMaterials/Widget3DPassThrough_Translucent.uasset" 266
"../../../Engine/Content/EngineMaterials/Widget3DPassThrough_Translucent_OneSided.uasset" 267
"../../../Engine/Content/EngineMeshes/Cylinder.uasset" 268
"../../../Engine/Content/EngineMeshes/Sphere.uasset" 269
"../../../Engine/Content/EngineResources/Black.uasset" 270
"../../../Engine/Content/EngineResources/DefaultTextureCube.uasset" 271
"../../../Engine/Content/EngineResources/DefaultVolumeTexture2D.uasset" 272
"../../../Engine/Content/EngineResources/DefaultVolumeTexture.uasset" 273
"../../../Engine/Content/EngineResources/GradientTexture0.uasset" 274
"../../../Engine/Content/EngineResources/StreamingPauseIcon.uasset" 275
"../../../Engine/Content/EngineResources/M_StreamingPause.uasset" 276
"../../../Engine/Content/EngineSky/VolumetricClouds/T_NoiseShape64.uasset" 277
"../../../Engine/Content/EngineSky/VolumetricClouds/T_VolumeNoiseShape64.uasset" 278
"../../../Engine/Content/EngineSky/VolumetricClouds/T_NoiseErosion.uasset" 279
"../../../Engine/Content/EngineSky/VolumetricClouds/T_VolumeNoiseErosion32.uasset" 280
"../../../Engine/Content/EngineSky/VolumetricClouds/CloudWeatherTexture.uasset" 281
"../../../Engine/Content/EngineSky/VolumetricClouds/CloudGradientTexture.uasset" 282
"../../../Engine/Content/EngineSky/VolumetricClouds/m_SimpleVolumetricCloud.uasset" 283
"../../../Engine/Content/EngineSky/VolumetricClouds/m_SimpleVolumetricCloud_Inst.uasset" 284
"../../../Engine/Content/EngineSounds/Master.uasset" 285
"../../../Engine/Content/Functions/Engine_MaterialFunctions01/Shading/PowerToRoughness.uasset" 286
"../../../Engine/Content/Maps/Templates/Thumbnails/Default.uasset" 287
"../../../Engine/Content/Maps/Templates/Thumbnails/TimeOfDay.uasset" 288
"../../../Engine/Content/Maps/Templates/Thumbnails/VR-Basic.uasset" 289
"../../../Engine/Content/MapTemplates/Sky/DaylightAmbientCubemap.uasset" 290
"../../../Engine/Content/MobileResources/T_MobileControls_texture.uasset" 291
"../../../Engine/Content/MobileResources/T_MobileMenu2.uasset" 292
"../../../Engine/Content/MobileResources/HUD/AnalogHat.uasset" 293
"../../../Engine/Content/MobileResources/HUD/VirtualJoystick_Thumb.uasset" 294
"../../../Engine/Content/MobileResources/HUD/VirtualJoystick_Background.uasset" 295
"../../../Engine/Content/MobileResources/HUD/DefaultVirtualJoysticks.uasset" 296
"../../../Engine/Content/MobileResources/HUD/LeftVirtualJoystickOnly.uasset" 297
"../../../Engine/Content/MobileResources/HUD/MobileHUDButton1_off.uasset" 298
"../../../Engine/Content/MobileResources/HUD/MobileHUDButton1_on.uasset" 299
"../../../Engine/Content/MobileResources/HUD/MobileHUDButton2_off.uasset" 300
"../../../Engine/Content/MobileResources/HUD/MobileHUDButton2_on.uasset" 301
"../../../Engine/Content/MobileResources/HUD/MobileHUDButton3.uasset" 302
"../../../Engine/Content/MobileResources/HUD/MobileHUDButtonFire.uasset" 303
"../../../Engine/Content/MobileResources/HUD/MobileHUDDirectionPad.uasset" 304
"../../../Engine/Content/MobileResources/HUD/MobileHUDDirectionPad2.uasset" 305
"../../../Engine/Content/MobileResources/HUD/MobileHUDDirectionPad3.uasset" 306
"../../../Engine/Content/MobileResources/HUD/MobileHUDDirectionStick.uasset" 307
"../../../Engine/Content/MobileResources/HUD/T_Castle_ThumbstickInner.uasset" 308
"../../../Engine/Content/MobileResources/HUD/T_Castle_ThumbstickOutter.uasset" 309
"../../../Engine/Content/Tutorial/ContentIntroCurve.uasset" 310
"../../../Engine/Content/Tutorial/Basics/LevelEditorAttract.uasset" 311
"../../../Engine/Content/Tutorial/Basics/TutorialAssets/icon_tab_Levels_40x.uasset" 312
"../../../Engine/Content/Tutorial/Basics/LevelEditorOverview.uasset" 313
"../../../Engine/Content/VREditor/TransformGizmo/TranslucentTransformGizmoMaterial.uasset" 314
"../../../Engine/Content/VREditor/LaserPointer/VR_LaserPower_01.uasset" 315
"../../../Engine/Content/VREditor/TransformGizmo/TransformGizmoMaterial.uasset" 316
"../../../Engine/Content/VREditor/TransformGizmo/BoundingBoxCorner.uasset" 317
"../../../Engine/Content/VREditor/TransformGizmo/BoundingBoxEdge.uasset" 318
"../../../Engine/Content/VREditor/TransformGizmo/PlaneTranslationHandle.uasset" 319
"../../../Engine/Content/VREditor/TransformGizmo/Xray.uasset" 320
"../../../Engine/Content/VREditor/TransformGizmo/Main.uasset" 321
"../../../Engine/Content/VREditor/TransformGizmo/SM_Sequencer_Key.uasset" 322
"../../../Engine/Content/VREditor/TransformGizmo/SM_Sequencer_Node.uasset" 323
"C:/Users/holic/Documents/Unreal Projects/RumbleFumble/Content/UI/PlayerNameUI.uasset" 324
"C:/Users/holic/Documents/Unreal Projects/RumbleFumble/Content/UI/BP_Button.uasset" 325
"../../../Engine/Content/EditorBlueprintResources/StandardMacros.uasset" 326
"C:/Users/holic/Documents/Unreal Projects/RumbleFumble/Content/UI/BP_GameInstance.uasset" 327
"C:/Users/holic/Documents/Unreal Projects/RumbleFumble/Content/UI/Tutorial/TutorialUI.uasset" 328
"C:/Users/holic/Documents/Unreal Projects/RumbleFumble/Content/UI/MainMenu/GameReady_UI.uasset" 329
"C:/Users/holic/Documents/Unreal Projects/RumbleFumble/Content/UI/MainMenu/MainMenu_UI.uasset" 330
"C:/Users/holic/Documents/Unreal Projects/RumbleFumble/Content/UI/MainMenu/ModeSelect_UI.uasset" 331
"C:/Users/holic/Documents/Unreal Projects/RumbleFumble/Content/UI/LoseItemUI.uasset" 332
"C:/Users/holic/Documents/Unreal Projects/RumbleFumble/Content/UI/GetItemUI.uasset" 333
"C:/Users/holic/Documents/Unreal Projects/RumbleFumble/Content/UI/PlayerMenu_UI.uasset" 334
"C:/Users/holic/Documents/Unreal Projects/RumbleFumble/Content/Blueprint/CustomController.uasset" 335
"C:/Users/holic/Documents/Unreal Projects/RumbleFumble/Content/Assets/PickupItemsMB/Textures/Compass_Texture.uasset" 336
"C:/Users/holic/Documents/Unreal Projects/RumbleFumble/Content/Assets/PickupItemsMB/Materials/Compass_Mat.uasset" 337
"C:/Users/holic/Documents/Unreal Projects/RumbleFumble/Content/Assets/PickupItemsMB/Meshes/Compass_Mesh.uasset" 338
"../../../Engine/Content/BasicShapes/Sphere.uasset" 339
"C:/Users/holic/Documents/Unreal Projects/RumbleFumble/Content/Blueprint/BP_TraitorDetector.uasset" 340
"C:/Users/holic/Documents/Unreal Projects/RumbleFumble/Content/Blueprint/BP_ItemSpawnPoint.uasset" 341
"../../../Engine/Content/Functions/Engine_MaterialFunctions01/Density/ExponentialDensity.uasset" 342
"../../../Engine/Content/Functions/Engine_MaterialFunctions01/Gradient/RadialGradientExponential.uasset" 343
"C:/Users/holic/Documents/Unreal Projects/RumbleFumble/Content/StylizedVFX_Fire/Materials/SphereMat.uasset" 344
"C:/Users/holic/Documents/Unreal Projects/RumbleFumble/Content/StylizedVFX_Fire/Textures/T_FireTexture_01.uasset" 345
"C:/Users/holic/Documents/Unreal Projects/RumbleFumble/Content/StylizedVFX_Fire/Materials/M_Smoke_01.uasset" 346
"../../../Engine/Content/Functions/Engine_MaterialFunctions01/Gradient/RadialGradient.uasset" 347
"C:/Users/holic/Documents/Unreal Projects/RumbleFumble/Content/StylizedVFX_Fire/Materials/M_Radial_Gradient.uasset" 348
"C:/Users/holic/Documents/Unreal Projects/RumbleFumble/Content/StylizedVFX_Fire/Textures/T_FireTexture_02.uasset" 349
"C:/Users/holic/Documents/Unreal Projects/RumbleFumble/Content/StylizedVFX_Fire/Materials/M_Flame_03.uasset" 350
"C:/Users/holic/Documents/Unreal Projects/RumbleFumble/Content/StylizedVFX_Fire/Effects/P_FireExplosion_Medium.uasset" 351
"C:/Users/holic/Documents/Unreal Projects/RumbleFumble/Content/Assets/StarterContent/Textures/T_Spark_Core.uasset" 352
"C:/Users/holic/Documents/Unreal Projects/RumbleFumble/Content/Assets/StarterContent/Particles/Materials/M_Spark.uasset" 353
"C:/Users/holic/Documents/Unreal Projects/RumbleFumble/Content/Assets/StarterContent/Particles/P_BombFuse.uasset" 354
"C:/Users/holic/Documents/Unreal Projects/RumbleFumble/Content/Assets/PickupItemsMB/Textures/Bomb_Texture.uasset" 355
"C:/Users/holic/Documents/Unreal Projects/RumbleFumble/Content/Assets/PickupItemsMB/Materials/Bomb_Mat.uasset" 356
"C:/Users/holic/Documents/Unreal Projects/RumbleFumble/Content/Assets/PickupItemsMB/Meshes/Bomb_Mesh.uasset" 357
"C:/Users/holic/Documents/Unreal Projects/RumbleFumble/Content/Blueprint/BP_Bomb.uasset" 358
"C:/Users/holic/Documents/Unreal Projects/RumbleFumble/Content/PartyMonsterRumblePA/M2.uasset" 359
"C:/Users/holic/Documents/Unreal Projects/RumbleFumble/Content/PartyMonsterRumblePA/M1.uasset" 360
"C:/Users/holic/Documents/Unreal Projects/RumbleFumble/Content/PartyMonsterRumblePA/BoxingGloves_BoxingGloves_001.uasset" 361
"C:/Users/holic/Documents/Unreal Projects/RumbleFumble/Content/Blueprint/BP_AttackItem.uasset" 362
"C:/Users/holic/Documents/Unreal Projects/RumbleFumble/Content/Assets/vibration.uasset" 363
"C:/Users/holic/Documents/Unreal Projects/RumbleFumble/Content/Blueprint/BP_FixedCamera.uasset" 364
"C:/Users/holic/Documents/Unreal Projects/RumbleFumble/Content/Blueprint/BP_GameMode.uasset" 365
"C:/Users/holic/Documents/Unreal Projects/RumbleFumble/Content/UI/MainMenu/WinMessage_UI.uasset" 366
"C:/Users/holic/Documents/Unreal Projects/RumbleFumble/Content/PartyMonsterRumblePA/Texture/DefaultPolyart_Tex.uasset" 367
"C:/Users/holic/Documents/Unreal Projects/RumbleFumble/Content/PartyMonsterRumblePA/Material/DefaultPolyart_MAT.uasset" 368
"C:/Users/holic/Documents/Unreal Projects/RumbleFumble/Content/PartyMonsterRumblePA/Mesh/OneMeshCharacter/OneMesh01_Skeleton.uasset" 369
"C:/Users/holic/Documents/Unreal Projects/RumbleFumble/Content/PartyMonsterRumblePA/Mesh/ModularPart/Tail01_SK.uasset" 370
"C:/Users/holic/Documents/Unreal Projects/RumbleFumble/Content/PartyMonsterRumblePA/Mesh/ModularPart/Mouth05_SK.uasset" 371
"C:/Users/holic/Documents/Unreal Projects/RumbleFumble/Content/PartyMonsterRumblePA/Mesh/ModularPart/Glove01_SK.uasset" 372
"C:/Users/holic/Documents/Unreal Projects/RumbleFumble/Content/PartyMonsterRumblePA/Mesh/ModularPart/Eye01_SK.uasset" 373
"C:/Users/holic/Documents/Unreal Projects/RumbleFumble/Content/PartyMonsterRumblePA/Mesh/ModularPart/Ear01_SK.uasset" 374
"C:/Users/holic/Documents/Unreal Projects/RumbleFumble/Content/PartyMonsterRumblePA/Mesh/ModularPart/Bodypart05_SK.uasset" 375
"C:/Users/holic/Documents/Unreal Projects/RumbleFumble/Content/PartyMonsterRumblePA/Mesh/OneMeshCharacter/OneMesh01_PhysicsAsset.uasset" 376
"C:/Users/holic/Documents/Unreal Projects/RumbleFumble/Content/PartyMonsterRumblePA/Mesh/ModularPart/Body01_SK.uasset" 377
"C:/Users/holic/Documents/Unreal Projects/RumbleFumble/Content/PartyMonsterRumblePA/Texture/MaskTintPolyart_Tex.uasset" 378
"C:/Users/holic/Documents/Unreal Projects/RumbleFumble/Content/PartyMonsterRumblePA/Texture/Mask03_Tex.uasset" 379
"C:/Users/holic/Documents/Unreal Projects/RumbleFumble/Content/PartyMonsterRumblePA/Texture/Mask02_Tex.uasset" 380
"C:/Users/holic/Documents/Unreal Projects/RumbleFumble/Content/PartyMonsterRumblePA/Texture/Mask01_Tex.uasset" 381
"../../../Engine/Content/Functions/Engine_MaterialFunctions03/Blends/Blend_Overlay.uasset" 382
"C:/Users/holic/Documents/Unreal Projects/RumbleFumble/Content/PartyMonsterRumblePA/Material/PolyartMaskTint_MAT.uasset" 383
"C:/Users/holic/Documents/Unreal Projects/RumbleFumble/Content/PartyMonsterRumblePA/Material/MaterialInstances/PlayerMaterial/PlayerMaterial_Inst_8.uasset" 384
"C:/Users/holic/Documents/Unreal Projects/RumbleFumble/Content/PartyMonsterRumblePA/Material/MaterialInstances/PlayerMaterial/PlayerMaterial_Inst_7.uasset" 385
"C:/Users/holic/Documents/Unreal Projects/RumbleFumble/Content/PartyMonsterRumblePA/Material/MaterialInstances/PlayerMaterial/PlayerMaterial_Inst_5.uasset" 386
"C:/Users/holic/Documents/Unreal Projects/RumbleFumble/Content/PartyMonsterRumblePA/Material/MaterialInstances/PlayerMaterial/PlayerMaterial_Inst_4.uasset" 387
"C:/Users/holic/Documents/Unreal Projects/RumbleFumble/Content/PartyMonsterRumblePA/Material/MaterialInstances/PlayerMaterial/PlayerMaterial_Inst_3.uasset" 388
"C:/Users/holic/Documents/Unreal Projects/RumbleFumble/Content/PartyMonsterRumblePA/Material/MaterialInstances/PlayerMaterial/PlayerMaterial_Inst_2.uasset" 389
"C:/Users/holic/Documents/Unreal Projects/RumbleFumble/Content/PartyMonsterRumblePA/Material/MaterialInstances/PlayerMaterial/PlayerMaterial_Inst.uasset" 390
"C:/Users/holic/Documents/Unreal Projects/RumbleFumble/Content/PartyMonsterRumblePA/Animation/Idle03_Anim.uasset" 391
"C:/Users/holic/Documents/Unreal Projects/RumbleFumble/Content/PartyMonsterRumblePA/Material/MaterialInstances/PlayerMaterial/PlayerMaterial_Inst_6.uasset" 392
"C:/Users/holic/Documents/Unreal Projects/RumbleFumble/Content/PartyMonsterRumblePA/Animation/Die01_Anim.uasset" 393
"C:/Users/holic/Documents/Unreal Projects/RumbleFumble/Content/PartyMonsterRumblePA/Animation/GetHit_Anim.uasset" 394
"C:/Users/holic/Documents/Unreal Projects/RumbleFumble/Content/PartyMonsterRumblePA/Animation/AnimMontage_PlayerGetHit.uasset" 395
"C:/Users/holic/Documents/Unreal Projects/RumbleFumble/Content/PartyMonsterRumblePA/Animation/Attack03_Anim.uasset" 396
"C:/Users/holic/Documents/Unreal Projects/RumbleFumble/Content/Blueprint/DealDamageNotify_Atk_2.uasset" 397
"C:/Users/holic/Documents/Unreal Projects/RumbleFumble/Content/PartyMonsterRumblePA/Animation/AnimMontage_PlayerAtk_2.uasset" 398
"C:/Users/holic/Documents/Unreal Projects/RumbleFumble/Content/PartyMonsterRumblePA/Animation/Attack01_Anim.uasset" 399
"C:/Users/holic/Documents/Unreal Projects/RumbleFumble/Content/Blueprint/DealDamageNotify_Atk_1.uasset" 400
"C:/Users/holic/Documents/Unreal Projects/RumbleFumble/Content/PartyMonsterRumblePA/Animation/AnimMontage_PlayerAtk_1.uasset" 401
"C:/Users/holic/Documents/Unreal Projects/RumbleFumble/Content/PartyMonsterRumblePA/Animation/Run01FWD_Anim.uasset" 402
"C:/Users/holic/Documents/Unreal Projects/RumbleFumble/Content/PartyMonsterRumblePA/Animation/Idle01_Anim.uasset" 403
"C:/Users/holic/Documents/Unreal Projects/RumbleFumble/Content/PartyMonsterRumblePA/Animation/GrabIdle_Anim.uasset" 404
"C:/Users/holic/Documents/Unreal Projects/RumbleFumble/Content/Blueprint/AnimBP_Player.uasset" 405
"C:/Users/holic/Documents/Unreal Projects/RumbleFumble/Content/Blueprint/BP_Player.uasset" 406
"C:/Users/holic/Documents/Unreal Projects/RumbleFumble/Content/UI/HealthUI.uasset" 407
"C:/Users/holic/Documents/Unreal Projects/RumbleFumble/Content/UI/MainMenu_UI.uasset" 408
"C:/Users/holic/Documents/Unreal Projects/RumbleFumble/Content/UI/WinMessage_Innocent_UI.uasset" 409
"../../Plugins/2D/Paper2D/Content/PlaceholderTextures/DummySpriteTexture.uasset" 410
"../../Plugins/2D/Paper2D/Content/DummySprite.uasset" 411
"../../Plugins/2D/Paper2D/Content/DefaultPaperTerrainMaterial.uasset" 412
"../../Plugins/2D/Paper2D/Content/DefaultSpriteMaterial.uasset" 413
"../../Plugins/2D/Paper2D/Content/MaskedUnlitSpriteMaterial.uasset" 414
"../../Plugins/2D/Paper2D/Content/OpaqueUnlitSpriteMaterial.uasset" 415
"../../Plugins/Editor/SpeedTreeImporter/Content/SpeedTree9/UnpackInteger3.uasset" 416
"../../Plugins/Editor/SpeedTreeImporter/Content/SpeedTree9/UnpackDirection.uasset" 417
"../../Plugins/Editor/SpeedTreeImporter/Content/SpeedTree9/game_wind_noise.uasset" 418
"../../../Engine/Content/Functions/Engine_MaterialFunctions02/SafeNormalize.uasset" 419
"../../Plugins/Editor/SpeedTreeImporter/Content/SpeedTree9/SpeedTreeWindMotion.uasset" 420
"../../Plugins/Editor/SpeedTreeImporter/Content/SpeedTree9/SpeedTreeBranchMotion.uasset" 421
"../../../Engine/Content/Functions/Engine_MaterialFunctions02/ObjectLocalBounds.uasset" 422
"../../../Engine/Content/Functions/Engine_MaterialFunctions02/UVs/BoundingBoxBased_0-1_UVW.uasset" 423
"../../Plugins/Editor/SpeedTreeImporter/Content/SpeedTree9/SpeedTreeWind.uasset" 424
"../../Plugins/Editor/SpeedTreeImporter/Content/SpeedTree9/SpeedTreeBillboard.uasset" 425
"../../../Engine/Content/EngineResources/DefaultTexture.uasset" 426
"../../Plugins/Editor/SpeedTreeImporter/Content/SpeedTree9/SpeedTreeBillboardMaster.uasset" 427
"../../Plugins/Editor/SpeedTreeImporter/Content/SpeedTree9/SpeedTreeCameraFacing.uasset" 428
"../../Plugins/Editor/SpeedTreeImporter/Content/SpeedTree9/SpeedTreeMaster.uasset" 429
"../../Plugins/FX/Niagara/Content/Enums/ENiagaraCoordinateSpace.uasset" 430
"../../Plugins/FX/Niagara/Content/Enums/ENiagaraOrientationAxis.uasset" 431
"../../Plugins/FX/Niagara/Content/Enums/ENiagaraRandomnessMode.uasset" 432
"../../Plugins/FX/Niagara/Content/Icons/S_ParticleSystem.uasset" 433
"../../../Engine/Content/ArtTools/RenderToTexture/Materials/Debug/M_Emissive_Color.uasset" 434
"../../../Engine/Content/BasicShapes/Cylinder.uasset" 435
"../../Plugins/Lumin/MagicLeapPassableWorld/Content/MagicLeapARPinInfoActor.uasset" 436
"../../../Engine/Content/Functions/Engine_MaterialFunctions02/Utility/BreakOutFloat4Components.uasset" 437
"../../Plugins/Runtime/Oculus/OculusVR/Content/Materials/OculusMR_ChromaKey.uasset" 438
"../../Plugins/Runtime/Oculus/OculusVR/Content/Materials/OculusMR_OpaqueColoredMaterial.uasset" 439
"../../Plugins/Runtime/Oculus/OculusVR/Content/Materials/PokeAHoleMaterial.uasset" 440
"../../Plugins/Runtime/Oculus/OculusVR/Content/Textures/touchController_controlmap.uasset" 441
"../../Plugins/Runtime/Oculus/OculusVR/Content/Textures/touchController_albedo.uasset" 442
"../../Plugins/Runtime/Oculus/OculusVR/Content/Materials/touchController_mat.uasset" 443
"../../Plugins/Runtime/Oculus/OculusVR/Content/Meshes/LeftTouchController.uasset" 444
"../../Plugins/Runtime/Oculus/OculusVR/Content/Textures/TouchForQuestRiftSController_albedo.uasset" 445
"../../Plugins/Runtime/Oculus/OculusVR/Content/Materials/TouchForQuestRiftSControllerMaterial.uasset" 446
"../../Plugins/Runtime/Oculus/OculusVR/Content/Meshes/LeftTouchForQuestRiftSController.uasset" 447
"../../Plugins/Runtime/Oculus/OculusVR/Content/Meshes/RiftHMD.uasset" 448
"../../Plugins/Runtime/Oculus/OculusVR/Content/Meshes/RightTouchController.uasset" 449
"../../Plugins/Runtime/Oculus/OculusVR/Content/Meshes/RightTouchForQuestRiftSController.uasset" 450
"../../../Engine/Content/Maps/Entry_BuiltData.uasset" 451
"../../../Engine/Content/Maps/Entry.umap" 452
"../../../Engine/Content/BasicShapes/Plane.uasset" 453
"../../../Engine/Content/BasicShapes/BasicShapeMaterial.uasset" 454
"C:/Users/holic/Documents/Unreal Projects/RumbleFumble/Content/Blueprint/BP_MatchDevice.uasset" 455
"C:/Users/holic/Documents/Unreal Projects/RumbleFumble/Content/Assets/Inflatable_Parkour/Floors/Floor_Square/T_FloorSquare_M1_N.uasset" 456
"C:/Users/holic/Documents/Unreal Projects/RumbleFumble/Content/Assets/Inflatable_Parkour/Props/Pillar_Solid/T_PillarSolid_R.uasset" 457
"C:/Users/holic/Documents/Unreal Projects/RumbleFumble/Content/Assets/Inflatable_Parkour/Props/Pillar_Solid/T_PillarSolid_N.uasset" 458
"C:/Users/holic/Documents/Unreal Projects/RumbleFumble/Content/Assets/Inflatable_Parkour/Props/Circle_Belt/T_Circle_M.uasset" 459
"../../../Engine/Content/Functions/Engine_MaterialFunctions02/3PointLevels.uasset" 460
"../../../Engine/Content/Functions/Engine_MaterialFunctions01/Texturing/FlattenNormal.uasset" 461
"C:/Users/holic/Documents/Unreal Projects/RumbleFumble/Content/Assets/Inflatable_Parkour/Material/M_Plastic.uasset" 462
"C:/Users/holic/Documents/Unreal Projects/RumbleFumble/Content/Assets/Inflatable_Parkour/Floors/Floor_Square/MI_Floor_Square_M1.uasset" 463
"C:/Users/holic/Documents/Unreal Projects/RumbleFumble/Content/Assets/Inflatable_Parkour/Floors/Floor_Square/T_FloorSquare_MO_N.uasset" 464
"C:/Users/holic/Documents/Unreal Projects/RumbleFumble/Content/Assets/Inflatable_Parkour/Material/T_StylizedGrunge_06_R.uasset" 465
"C:/Users/holic/Documents/Unreal Projects/RumbleFumble/Content/Assets/Inflatable_Parkour/Floors/Floor_Square/MI_Floor_Square_M0.uasset" 466
"C:/Users/holic/Documents/Unreal Projects/RumbleFumble/Content/Assets/Inflatable_Parkour/Floors/Floor_Square/SM_Floor_Square.uasset" 467
"C:/Users/holic/Documents/Unreal Projects/RumbleFumble/Content/Assets/Inflatable_Parkour/Floors/Floor_Circle/T_FloorCircle_N.uasset" 468
"C:/Users/holic/Documents/Unreal Projects/RumbleFumble/Content/Assets/Inflatable_Parkour/Floors/Floor_Edge/MI_Floor_Edge.uasset" 469
"C:/Users/holic/Documents/Unreal Projects/RumbleFumble/Content/Assets/Inflatable_Parkour/Floors/Floor_Edge/SM_Floor_Edge.uasset" 470
"C:/Users/holic/Documents/Unreal Projects/RumbleFumble/Content/Level/Level1_BuiltData.uasset" 471
"../../../Engine/Content/EngineSky/T_Sky_Stars.uasset" 472
"../../../Engine/Content/EngineSky/T_Sky_Clouds_M.uasset" 473
"../../../Engine/Content/EngineSky/T_Sky_Blue.uasset" 474
"../../../Engine/Content/EngineSky/M_Sky_Panning_Clouds2.uasset" 475
"../../../Engine/Content/EngineSky/C_Sky_Zenith_Color.uasset" 476
"../../../Engine/Content/EngineSky/C_Sky_Horizon_Color.uasset" 477
"../../../Engine/Content/EngineSky/C_Sky_Cloud_Color.uasset" 478
"../../../Engine/Content/EngineSky/SM_SkySphere.uasset" 479
"../../../Engine/Content/EngineSky/BP_Sky_Sphere.uasset" 480
"C:/Users/holic/Documents/Unreal Projects/RumbleFumble/Content/Level/Level1.umap" 481
"C:/Users/holic/Documents/Unreal Projects/RumbleFumble/Content/Level/MainMenuLevel_BuiltData.uasset" 482
"C:/Users/holic/Documents/Unreal Projects/RumbleFumble/Content/Level/MainMenuLevel.umap" 483
"C:/Users/holic/Documents/Unreal Projects/RumbleFumble/Content/Boardgame_Collection/Materials/MM_Base_Color.uasset" 484
"C:/Users/holic/Documents/Unreal Projects/RumbleFumble/Content/Boardgame_Collection/Materials/Matte/MI_Yellow_Matte.uasset" 485
"C:/Users/holic/Documents/Unreal Projects/RumbleFumble/Content/Assets/ObstacleCourseExp2/Textures/T_Plastics_V1_OcclusionRoughnessMetallic.uasset" 486
"C:/Users/holic/Documents/Unreal Projects/RumbleFumble/Content/Assets/ObstacleCourseExp2/Textures/T_Plastics_V1_Normal.uasset" 487
"C:/Users/holic/Documents/Unreal Projects/RumbleFumble/Content/Assets/ObstacleCourseExp2/Textures/T_Plastics_V1_BaseColor.uasset" 488
"C:/Users/holic/Documents/Unreal Projects/RumbleFumble/Content/Assets/ObstacleCourseExp2/Textures/Other/T_PlaceHolderNormal.uasset" 489
"C:/Users/holic/Documents/Unreal Projects/RumbleFumble/Content/Assets/ObstacleCourseExp2/Textures/Other/T_Placeholder_OcclusionRoughnessMetallic_2.uasset" 490
"C:/Users/holic/Documents/Unreal Projects/RumbleFumble/Content/Assets/ObstacleCourseExp2/Textures/Other/T_Placeholder.uasset" 491
"../../../Engine/Content/Functions/Engine_MaterialFunctions02/Texturing/CustomRotator.uasset" 492
"../../../Engine/Content/Functions/Engine_MaterialFunctions02/HueShift.uasset" 493
"C:/Users/holic/Documents/Unreal Projects/RumbleFumble/Content/Assets/ObstacleCourseExp2/Materials/Masters/M_MasterMaterial.uasset" 494
"C:/Users/holic/Documents/Unreal Projects/RumbleFumble/Content/Assets/ObstacleCourseExp2/Materials/MI_Plastics_V1_LightBlue.uasset" 495
"C:/Users/holic/Documents/Unreal Projects/RumbleFumble/Content/Assets/ObstacleCourseExp2/Textures/T_Leather_V1_OcclusionRoughnessMetallic.uasset" 496
"C:/Users/holic/Documents/Unreal Projects/RumbleFumble/Content/Assets/ObstacleCourseExp2/Textures/T_Leather_V1_Normal.uasset" 497
"C:/Users/holic/Documents/Unreal Projects/RumbleFumble/Content/Assets/ObstacleCourseExp2/Textures/T_Leather_V1_BaseColor.uasset" 498
"C:/Users/holic/Documents/Unreal Projects/RumbleFumble/Content/Assets/ObstacleCourseExp2/Materials/MI_Leather_V1_LightPurple.uasset" 499
"C:/Users/holic/Documents/Unreal Projects/RumbleFumble/Content/Assets/Boardgame_Collection/Materials/MM_Base_Color.uasset" 500
"C:/Users/holic/Documents/Unreal Projects/RumbleFumble/Content/Assets/Boardgame_Collection/Materials/Matte/MI_Yellow_Matte.uasset" 501
"C:/Users/holic/Documents/Unreal Projects/RumbleFumble/Content/Meshes/LevelMesh/LevelMesh_Blocker_Merged.uasset" 502
"C:/Users/holic/Documents/Unreal Projects/RumbleFumble/Content/Level/Level4_BuiltData.uasset" 503
"C:/Users/holic/Documents/Unreal Projects/RumbleFumble/Content/Assets/StarterContent/Textures/T_Wood_Oak_N.uasset" 504
"C:/Users/holic/Documents/Unreal Projects/RumbleFumble/Content/Assets/StarterContent/Textures/T_Wood_Oak_D.uasset" 505
"C:/Users/holic/Documents/Unreal Projects/RumbleFumble/Content/Assets/StarterContent/Materials/M_Wood_Oak.uasset" 506
"../../../Engine/Content/BasicShapes/Cube.uasset" 507
"C:/Users/holic/Documents/Unreal Projects/RumbleFumble/Content/Level/Level4.umap" 508
